-------------------------------------------------------------------------------
Test set: tests.TestCasesTest
-------------------------------------------------------------------------------
Tests run: 1, Failures: 0, Errors: 1, Skipped: 0, Time elapsed: 0.001 s <<< FAILURE! - in tests.TestCasesTest
goToTestCasesPageTest  Time elapsed: 0 s  <<< ERROR!
java.lang.NullPointerException: Cannot invoke "pages.Manager.PageObjectManager.getHomePage()" because "this.pages" is null
	at tests.TestCasesTest.goToTestCasesPageTest(TestCasesTest.java:32)

