-------------------------------------------------------------------------------
Test set: tests.LogoutTest
-------------------------------------------------------------------------------
Tests run: 4, Failures: 0, Errors: 4, Skipped: 0, Time elapsed: 0.568 s <<< FAILURE! - in tests.LogoutTest
goToProductsPageTest  Time elapsed: 0.309 s  <<< ERROR!
java.lang.NullPointerException: Cannot invoke "pages.Manager.PageObjectManager.getHomePage()" because "this.pages" is null
	at tests.ViewProductsTest.goToProductsPageTest(ViewProductsTest.java:49)

successfulLoginTest{String, String}[1]  Time elapsed: 0.315 s  <<< ERROR!
java.lang.NullPointerException: Cannot invoke "pages.Manager.PageObjectManager.getHomePage()" because "this.pages" is null
	at tests.LoginTest.successfulLoginTest(LoginTest.java:64)

shouldLogoutTest{String, String}[1]  Time elapsed: 0.315 s  <<< ERROR!
java.lang.NullPointerException: Cannot invoke "pages.Manager.PageObjectManager.getHomePage()" because "this.pages" is null
	at tests.LogoutTest.shouldLogoutTest(LogoutTest.java:48)

shouldContactUs  Time elapsed: 0.316 s  <<< ERROR!
java.lang.NullPointerException: Cannot invoke "pages.Manager.PageObjectManager.getHomePage()" because "this.pages" is null
	at tests.ContactUsTest.shouldContactUs(ContactUsTest.java:47)

